/Users/mac/Library/Python/3.9/lib/python/site-packages/urllib3/__init__.py:35: NotOpenSSLWarning: urllib3 v2 only supports OpenSSL 1.1.1+, currently the 'ssl' module is compiled with 'LibreSSL 2.8.3'. See: https://github.com/urllib3/urllib3/issues/3020
  warnings.warn(
 * Tip: There are .env files present. Install python-dotenv to use them.

🚀  JAOfilm DMCA Dashboard
    http://localhost:5002

 * Serving Flask app 'app'
 * Debug mode: off
Address already in use
Port 5002 is in use by another program. Either identify and stop that program, or start the server with a different port.
/Users/mac/Library/Python/3.9/lib/python/site-packages/urllib3/__init__.py:35: NotOpenSSLWarning: urllib3 v2 only supports OpenSSL 1.1.1+, currently the 'ssl' module is compiled with 'LibreSSL 2.8.3'. See: https://github.com/urllib3/urllib3/issues/3020
  warnings.warn(
 * Tip: There are .env files present. Install python-dotenv to use them.

🚀  JAOfilm DMCA Dashboard
    http://localhost:5002

 * Serving Flask app 'app'
 * Debug mode: off
Address already in use
Port 5002 is in use by another program. Either identify and stop that program, or start the server with a different port.
/Users/mac/Library/Python/3.9/lib/python/site-packages/urllib3/__init__.py:35: NotOpenSSLWarning: urllib3 v2 only supports OpenSSL 1.1.1+, currently the 'ssl' module is compiled with 'LibreSSL 2.8.3'. See: https://github.com/urllib3/urllib3/issues/3020
  warnings.warn(
 * Tip: There are .env files present. Install python-dotenv to use them.

🚀  JAOfilm DMCA Dashboard
    http://localhost:5002

 * Serving Flask app 'app'
 * Debug mode: off
Address already in use
Port 5002 is in use by another program. Either identify and stop that program, or start the server with a different port.
/Users/mac/Library/Python/3.9/lib/python/site-packages/urllib3/__init__.py:35: NotOpenSSLWarning: urllib3 v2 only supports OpenSSL 1.1.1+, currently the 'ssl' module is compiled with 'LibreSSL 2.8.3'. See: https://github.com/urllib3/urllib3/issues/3020
  warnings.warn(
 * Tip: There are .env files present. Install python-dotenv to use them.

🚀  JAOfilm DMCA Dashboard
    http://localhost:5002

 * Serving Flask app 'app'
 * Debug mode: off
Address already in use
Port 5002 is in use by another program. Either identify and stop that program, or start the server with a different port.
/Users/mac/Library/Python/3.9/lib/python/site-packages/urllib3/__init__.py:35: NotOpenSSLWarning: urllib3 v2 only supports OpenSSL 1.1.1+, currently the 'ssl' module is compiled with 'LibreSSL 2.8.3'. See: https://github.com/urllib3/urllib3/issues/3020
  warnings.warn(
 * Tip: There are .env files present. Install python-dotenv to use them.

🚀  JAOfilm DMCA Dashboard
    http://localhost:5002

 * Serving Flask app 'app'
 * Debug mode: off
Address already in use
Port 5002 is in use by another program. Either identify and stop that program, or start the server with a different port.
/Users/mac/Library/Python/3.9/lib/python/site-packages/urllib3/__init__.py:35: NotOpenSSLWarning: urllib3 v2 only supports OpenSSL 1.1.1+, currently the 'ssl' module is compiled with 'LibreSSL 2.8.3'. See: https://github.com/urllib3/urllib3/issues/3020
  warnings.warn(
 * Tip: There are .env files present. Install python-dotenv to use them.

🚀  JAOfilm DMCA Dashboard
    http://localhost:5002

 * Serving Flask app 'app'
 * Debug mode: off
Address already in use
Port 5002 is in use by another program. Either identify and stop that program, or start the server with a different port.
/Users/mac/Library/Python/3.9/lib/python/site-packages/urllib3/__init__.py:35: NotOpenSSLWarning: urllib3 v2 only supports OpenSSL 1.1.1+, currently the 'ssl' module is compiled with 'LibreSSL 2.8.3'. See: https://github.com/urllib3/urllib3/issues/3020
  warnings.warn(
 * Tip: There are .env files present. Install python-dotenv to use them.

🚀  JAOfilm DMCA Dashboard
    http://localhost:5002

 * Serving Flask app 'app'
 * Debug mode: off
Address already in use
Port 5002 is in use by another program. Either identify and stop that program, or start the server with a different port.
/Users/mac/Library/Python/3.9/lib/python/site-packages/urllib3/__init__.py:35: NotOpenSSLWarning: urllib3 v2 only supports OpenSSL 1.1.1+, currently the 'ssl' module is compiled with 'LibreSSL 2.8.3'. See: https://github.com/urllib3/urllib3/issues/3020
  warnings.warn(
 * Tip: There are .env files present. Install python-dotenv to use them.

🚀  JAOfilm DMCA Dashboard
    http://localhost:5002

 * Serving Flask app 'app'
 * Debug mode: off
Address already in use
Port 5002 is in use by another program. Either identify and stop that program, or start the server with a different port.
/Users/mac/Library/Python/3.9/lib/python/site-packages/urllib3/__init__.py:35: NotOpenSSLWarning: urllib3 v2 only supports OpenSSL 1.1.1+, currently the 'ssl' module is compiled with 'LibreSSL 2.8.3'. See: https://github.com/urllib3/urllib3/issues/3020
  warnings.warn(
 * Tip: There are .env files present. Install python-dotenv to use them.

🚀  JAOfilm DMCA Dashboard
    http://localhost:5002

 * Serving Flask app 'app'
 * Debug mode: off
Address already in use
Port 5002 is in use by another program. Either identify and stop that program, or start the server with a different port.
/Users/mac/Library/Python/3.9/lib/python/site-packages/urllib3/__init__.py:35: NotOpenSSLWarning: urllib3 v2 only supports OpenSSL 1.1.1+, currently the 'ssl' module is compiled with 'LibreSSL 2.8.3'. See: https://github.com/urllib3/urllib3/issues/3020
  warnings.warn(
 * Tip: There are .env files present. Install python-dotenv to use them.

🚀  JAOfilm DMCA Dashboard
    http://localhost:5002

 * Serving Flask app 'app'
 * Debug mode: off
Address already in use
Port 5002 is in use by another program. Either identify and stop that program, or start the server with a different port.
/Users/mac/Library/Python/3.9/lib/python/site-packages/urllib3/__init__.py:35: NotOpenSSLWarning: urllib3 v2 only supports OpenSSL 1.1.1+, currently the 'ssl' module is compiled with 'LibreSSL 2.8.3'. See: https://github.com/urllib3/urllib3/issues/3020
  warnings.warn(
 * Tip: There are .env files present. Install python-dotenv to use them.

🚀  JAOfilm DMCA Dashboard
    http://localhost:5002

 * Serving Flask app 'app'
 * Debug mode: off
Address already in use
Port 5002 is in use by another program. Either identify and stop that program, or start the server with a different port.
/Users/mac/Library/Python/3.9/lib/python/site-packages/urllib3/__init__.py:35: NotOpenSSLWarning: urllib3 v2 only supports OpenSSL 1.1.1+, currently the 'ssl' module is compiled with 'LibreSSL 2.8.3'. See: https://github.com/urllib3/urllib3/issues/3020
  warnings.warn(
 * Tip: There are .env files present. Install python-dotenv to use them.

🚀  JAOfilm DMCA Dashboard
    http://localhost:5002

 * Serving Flask app 'app'
 * Debug mode: off
Address already in use
Port 5002 is in use by another program. Either identify and stop that program, or start the server with a different port.
/Users/mac/Library/Python/3.9/lib/python/site-packages/urllib3/__init__.py:35: NotOpenSSLWarning: urllib3 v2 only supports OpenSSL 1.1.1+, currently the 'ssl' module is compiled with 'LibreSSL 2.8.3'. See: https://github.com/urllib3/urllib3/issues/3020
  warnings.warn(
 * Tip: There are .env files present. Install python-dotenv to use them.

🚀  JAOfilm DMCA Dashboard
    http://localhost:5002

 * Serving Flask app 'app'
 * Debug mode: off
Address already in use
Port 5002 is in use by another program. Either identify and stop that program, or start the server with a different port.
/Users/mac/Library/Python/3.9/lib/python/site-packages/urllib3/__init__.py:35: NotOpenSSLWarning: urllib3 v2 only supports OpenSSL 1.1.1+, currently the 'ssl' module is compiled with 'LibreSSL 2.8.3'. See: https://github.com/urllib3/urllib3/issues/3020
  warnings.warn(
 * Tip: There are .env files present. Install python-dotenv to use them.

🚀  JAOfilm DMCA Dashboard
    http://localhost:5002

 * Serving Flask app 'app'
 * Debug mode: off
Address already in use
Port 5002 is in use by another program. Either identify and stop that program, or start the server with a different port.
/Users/mac/Library/Python/3.9/lib/python/site-packages/urllib3/__init__.py:35: NotOpenSSLWarning: urllib3 v2 only supports OpenSSL 1.1.1+, currently the 'ssl' module is compiled with 'LibreSSL 2.8.3'. See: https://github.com/urllib3/urllib3/issues/3020
  warnings.warn(
 * Tip: There are .env files present. Install python-dotenv to use them.

🚀  JAOfilm DMCA Dashboard
    http://localhost:5002

 * Serving Flask app 'app'
 * Debug mode: off
Address already in use
Port 5002 is in use by another program. Either identify and stop that program, or start the server with a different port.
/Users/mac/Library/Python/3.9/lib/python/site-packages/urllib3/__init__.py:35: NotOpenSSLWarning: urllib3 v2 only supports OpenSSL 1.1.1+, currently the 'ssl' module is compiled with 'LibreSSL 2.8.3'. See: https://github.com/urllib3/urllib3/issues/3020
  warnings.warn(
 * Tip: There are .env files present. Install python-dotenv to use them.

🚀  JAOfilm DMCA Dashboard
    http://localhost:5002

 * Serving Flask app 'app'
 * Debug mode: off
Address already in use
Port 5002 is in use by another program. Either identify and stop that program, or start the server with a different port.
/Users/mac/Library/Python/3.9/lib/python/site-packages/urllib3/__init__.py:35: NotOpenSSLWarning: urllib3 v2 only supports OpenSSL 1.1.1+, currently the 'ssl' module is compiled with 'LibreSSL 2.8.3'. See: https://github.com/urllib3/urllib3/issues/3020
  warnings.warn(
 * Tip: There are .env files present. Install python-dotenv to use them.

🚀  JAOfilm DMCA Dashboard
    http://localhost:5002

 * Serving Flask app 'app'
 * Debug mode: off
Address already in use
Port 5002 is in use by another program. Either identify and stop that program, or start the server with a different port.
/Users/mac/Library/Python/3.9/lib/python/site-packages/urllib3/__init__.py:35: NotOpenSSLWarning: urllib3 v2 only supports OpenSSL 1.1.1+, currently the 'ssl' module is compiled with 'LibreSSL 2.8.3'. See: https://github.com/urllib3/urllib3/issues/3020
  warnings.warn(
 * Tip: There are .env files present. Install python-dotenv to use them.

🚀  JAOfilm DMCA Dashboard
    http://localhost:5002

 * Serving Flask app 'app'
 * Debug mode: off
Address already in use
Port 5002 is in use by another program. Either identify and stop that program, or start the server with a different port.
/Users/mac/Library/Python/3.9/lib/python/site-packages/urllib3/__init__.py:35: NotOpenSSLWarning: urllib3 v2 only supports OpenSSL 1.1.1+, currently the 'ssl' module is compiled with 'LibreSSL 2.8.3'. See: https://github.com/urllib3/urllib3/issues/3020
  warnings.warn(
 * Tip: There are .env files present. Install python-dotenv to use them.

🚀  JAOfilm DMCA Dashboard
    http://localhost:5002

 * Serving Flask app 'app'
 * Debug mode: off
Address already in use
Port 5002 is in use by another program. Either identify and stop that program, or start the server with a different port.
/Users/mac/Library/Python/3.9/lib/python/site-packages/urllib3/__init__.py:35: NotOpenSSLWarning: urllib3 v2 only supports OpenSSL 1.1.1+, currently the 'ssl' module is compiled with 'LibreSSL 2.8.3'. See: https://github.com/urllib3/urllib3/issues/3020
  warnings.warn(
 * Tip: There are .env files present. Install python-dotenv to use them.

🚀  JAOfilm DMCA Dashboard
    http://localhost:5002

 * Serving Flask app 'app'
 * Debug mode: off
Address already in use
Port 5002 is in use by another program. Either identify and stop that program, or start the server with a different port.
/Users/mac/Library/Python/3.9/lib/python/site-packages/urllib3/__init__.py:35: NotOpenSSLWarning: urllib3 v2 only supports OpenSSL 1.1.1+, currently the 'ssl' module is compiled with 'LibreSSL 2.8.3'. See: https://github.com/urllib3/urllib3/issues/3020
  warnings.warn(
 * Tip: There are .env files present. Install python-dotenv to use them.

🚀  JAOfilm DMCA Dashboard
    http://localhost:5002

 * Serving Flask app 'app'
 * Debug mode: off
Address already in use
Port 5002 is in use by another program. Either identify and stop that program, or start the server with a different port.
/Users/mac/Library/Python/3.9/lib/python/site-packages/urllib3/__init__.py:35: NotOpenSSLWarning: urllib3 v2 only supports OpenSSL 1.1.1+, currently the 'ssl' module is compiled with 'LibreSSL 2.8.3'. See: https://github.com/urllib3/urllib3/issues/3020
  warnings.warn(
 * Tip: There are .env files present. Install python-dotenv to use them.

🚀  JAOfilm DMCA Dashboard
    http://localhost:5002

 * Serving Flask app 'app'
 * Debug mode: off
Address already in use
Port 5002 is in use by another program. Either identify and stop that program, or start the server with a different port.
/Users/mac/Library/Python/3.9/lib/python/site-packages/urllib3/__init__.py:35: NotOpenSSLWarning: urllib3 v2 only supports OpenSSL 1.1.1+, currently the 'ssl' module is compiled with 'LibreSSL 2.8.3'. See: https://github.com/urllib3/urllib3/issues/3020
  warnings.warn(
 * Tip: There are .env files present. Install python-dotenv to use them.

🚀  JAOfilm DMCA Dashboard
    http://localhost:5002

 * Serving Flask app 'app'
 * Debug mode: off
Address already in use
Port 5002 is in use by another program. Either identify and stop that program, or start the server with a different port.
/Users/mac/Library/Python/3.9/lib/python/site-packages/urllib3/__init__.py:35: NotOpenSSLWarning: urllib3 v2 only supports OpenSSL 1.1.1+, currently the 'ssl' module is compiled with 'LibreSSL 2.8.3'. See: https://github.com/urllib3/urllib3/issues/3020
  warnings.warn(
 * Tip: There are .env files present. Install python-dotenv to use them.

🚀  JAOfilm DMCA Dashboard
    http://localhost:5002

 * Serving Flask app 'app'
 * Debug mode: off
Address already in use
Port 5002 is in use by another program. Either identify and stop that program, or start the server with a different port.
/Users/mac/Library/Python/3.9/lib/python/site-packages/urllib3/__init__.py:35: NotOpenSSLWarning: urllib3 v2 only supports OpenSSL 1.1.1+, currently the 'ssl' module is compiled with 'LibreSSL 2.8.3'. See: https://github.com/urllib3/urllib3/issues/3020
  warnings.warn(
 * Tip: There are .env files present. Install python-dotenv to use them.

🚀  JAOfilm DMCA Dashboard
    http://localhost:5002

 * Serving Flask app 'app'
 * Debug mode: off
Address already in use
Port 5002 is in use by another program. Either identify and stop that program, or start the server with a different port.
/Users/mac/Library/Python/3.9/lib/python/site-packages/urllib3/__init__.py:35: NotOpenSSLWarning: urllib3 v2 only supports OpenSSL 1.1.1+, currently the 'ssl' module is compiled with 'LibreSSL 2.8.3'. See: https://github.com/urllib3/urllib3/issues/3020
  warnings.warn(
 * Tip: There are .env files present. Install python-dotenv to use them.

🚀  JAOfilm DMCA Dashboard
    http://localhost:5002

 * Serving Flask app 'app'
 * Debug mode: off
Address already in use
Port 5002 is in use by another program. Either identify and stop that program, or start the server with a different port.
/Users/mac/Library/Python/3.9/lib/python/site-packages/urllib3/__init__.py:35: NotOpenSSLWarning: urllib3 v2 only supports OpenSSL 1.1.1+, currently the 'ssl' module is compiled with 'LibreSSL 2.8.3'. See: https://github.com/urllib3/urllib3/issues/3020
  warnings.warn(
 * Tip: There are .env files present. Install python-dotenv to use them.

🚀  JAOfilm DMCA Dashboard
    http://localhost:5002

 * Serving Flask app 'app'
 * Debug mode: off
Address already in use
Port 5002 is in use by another program. Either identify and stop that program, or start the server with a different port.
/Users/mac/Library/Python/3.9/lib/python/site-packages/urllib3/__init__.py:35: NotOpenSSLWarning: urllib3 v2 only supports OpenSSL 1.1.1+, currently the 'ssl' module is compiled with 'LibreSSL 2.8.3'. See: https://github.com/urllib3/urllib3/issues/3020
  warnings.warn(
 * Tip: There are .env files present. Install python-dotenv to use them.

🚀  JAOfilm DMCA Dashboard
    http://localhost:5002

 * Serving Flask app 'app'
 * Debug mode: off
Address already in use
Port 5002 is in use by another program. Either identify and stop that program, or start the server with a different port.
/Users/mac/Library/Python/3.9/lib/python/site-packages/urllib3/__init__.py:35: NotOpenSSLWarning: urllib3 v2 only supports OpenSSL 1.1.1+, currently the 'ssl' module is compiled with 'LibreSSL 2.8.3'. See: https://github.com/urllib3/urllib3/issues/3020
  warnings.warn(
 * Tip: There are .env files present. Install python-dotenv to use them.

🚀  JAOfilm DMCA Dashboard
    http://localhost:5002

 * Serving Flask app 'app'
 * Debug mode: off
Address already in use
Port 5002 is in use by another program. Either identify and stop that program, or start the server with a different port.
/Users/mac/Library/Python/3.9/lib/python/site-packages/urllib3/__init__.py:35: NotOpenSSLWarning: urllib3 v2 only supports OpenSSL 1.1.1+, currently the 'ssl' module is compiled with 'LibreSSL 2.8.3'. See: https://github.com/urllib3/urllib3/issues/3020
  warnings.warn(
 * Tip: There are .env files present. Install python-dotenv to use them.

🚀  JAOfilm DMCA Dashboard
    http://localhost:5002

 * Serving Flask app 'app'
 * Debug mode: off
Address already in use
Port 5002 is in use by another program. Either identify and stop that program, or start the server with a different port.
/Users/mac/Library/Python/3.9/lib/python/site-packages/urllib3/__init__.py:35: NotOpenSSLWarning: urllib3 v2 only supports OpenSSL 1.1.1+, currently the 'ssl' module is compiled with 'LibreSSL 2.8.3'. See: https://github.com/urllib3/urllib3/issues/3020
  warnings.warn(
 * Tip: There are .env files present. Install python-dotenv to use them.

🚀  JAOfilm DMCA Dashboard
    http://localhost:5002

 * Serving Flask app 'app'
 * Debug mode: off
Address already in use
Port 5002 is in use by another program. Either identify and stop that program, or start the server with a different port.
/Users/mac/Library/Python/3.9/lib/python/site-packages/urllib3/__init__.py:35: NotOpenSSLWarning: urllib3 v2 only supports OpenSSL 1.1.1+, currently the 'ssl' module is compiled with 'LibreSSL 2.8.3'. See: https://github.com/urllib3/urllib3/issues/3020
  warnings.warn(
 * Tip: There are .env files present. Install python-dotenv to use them.

🚀  JAOfilm DMCA Dashboard
    http://localhost:5002

 * Serving Flask app 'app'
 * Debug mode: off
Address already in use
Port 5002 is in use by another program. Either identify and stop that program, or start the server with a different port.
/Users/mac/Library/Python/3.9/lib/python/site-packages/urllib3/__init__.py:35: NotOpenSSLWarning: urllib3 v2 only supports OpenSSL 1.1.1+, currently the 'ssl' module is compiled with 'LibreSSL 2.8.3'. See: https://github.com/urllib3/urllib3/issues/3020
  warnings.warn(
 * Tip: There are .env files present. Install python-dotenv to use them.

🚀  JAOfilm DMCA Dashboard
    http://localhost:5002

 * Serving Flask app 'app'
 * Debug mode: off
Address already in use
Port 5002 is in use by another program. Either identify and stop that program, or start the server with a different port.
/Users/mac/Library/Python/3.9/lib/python/site-packages/urllib3/__init__.py:35: NotOpenSSLWarning: urllib3 v2 only supports OpenSSL 1.1.1+, currently the 'ssl' module is compiled with 'LibreSSL 2.8.3'. See: https://github.com/urllib3/urllib3/issues/3020
  warnings.warn(
 * Tip: There are .env files present. Install python-dotenv to use them.

🚀  JAOfilm DMCA Dashboard
    http://localhost:5002

 * Serving Flask app 'app'
 * Debug mode: off
Address already in use
Port 5002 is in use by another program. Either identify and stop that program, or start the server with a different port.
/Users/mac/Library/Python/3.9/lib/python/site-packages/urllib3/__init__.py:35: NotOpenSSLWarning: urllib3 v2 only supports OpenSSL 1.1.1+, currently the 'ssl' module is compiled with 'LibreSSL 2.8.3'. See: https://github.com/urllib3/urllib3/issues/3020
  warnings.warn(
 * Tip: There are .env files present. Install python-dotenv to use them.

🚀  JAOfilm DMCA Dashboard
    http://localhost:5002

 * Serving Flask app 'app'
 * Debug mode: off
Address already in use
Port 5002 is in use by another program. Either identify and stop that program, or start the server with a different port.
/Users/mac/Library/Python/3.9/lib/python/site-packages/urllib3/__init__.py:35: NotOpenSSLWarning: urllib3 v2 only supports OpenSSL 1.1.1+, currently the 'ssl' module is compiled with 'LibreSSL 2.8.3'. See: https://github.com/urllib3/urllib3/issues/3020
  warnings.warn(
 * Tip: There are .env files present. Install python-dotenv to use them.

🚀  JAOfilm DMCA Dashboard
    http://localhost:5002

 * Serving Flask app 'app'
 * Debug mode: off
Address already in use
Port 5002 is in use by another program. Either identify and stop that program, or start the server with a different port.
/Users/mac/Library/Python/3.9/lib/python/site-packages/urllib3/__init__.py:35: NotOpenSSLWarning: urllib3 v2 only supports OpenSSL 1.1.1+, currently the 'ssl' module is compiled with 'LibreSSL 2.8.3'. See: https://github.com/urllib3/urllib3/issues/3020
  warnings.warn(
 * Tip: There are .env files present. Install python-dotenv to use them.

🚀  JAOfilm DMCA Dashboard
    http://localhost:5002

 * Serving Flask app 'app'
 * Debug mode: off
Address already in use
Port 5002 is in use by another program. Either identify and stop that program, or start the server with a different port.
/Users/mac/Library/Python/3.9/lib/python/site-packages/urllib3/__init__.py:35: NotOpenSSLWarning: urllib3 v2 only supports OpenSSL 1.1.1+, currently the 'ssl' module is compiled with 'LibreSSL 2.8.3'. See: https://github.com/urllib3/urllib3/issues/3020
  warnings.warn(
 * Tip: There are .env files present. Install python-dotenv to use them.

🚀  JAOfilm DMCA Dashboard
    http://localhost:5002

 * Serving Flask app 'app'
 * Debug mode: off
Address already in use
Port 5002 is in use by another program. Either identify and stop that program, or start the server with a different port.
/Users/mac/Library/Python/3.9/lib/python/site-packages/urllib3/__init__.py:35: NotOpenSSLWarning: urllib3 v2 only supports OpenSSL 1.1.1+, currently the 'ssl' module is compiled with 'LibreSSL 2.8.3'. See: https://github.com/urllib3/urllib3/issues/3020
  warnings.warn(
 * Tip: There are .env files present. Install python-dotenv to use them.

🚀  JAOfilm DMCA Dashboard
    http://localhost:5002

 * Serving Flask app 'app'
 * Debug mode: off
Address already in use
Port 5002 is in use by another program. Either identify and stop that program, or start the server with a different port.
/Users/mac/Library/Python/3.9/lib/python/site-packages/urllib3/__init__.py:35: NotOpenSSLWarning: urllib3 v2 only supports OpenSSL 1.1.1+, currently the 'ssl' module is compiled with 'LibreSSL 2.8.3'. See: https://github.com/urllib3/urllib3/issues/3020
  warnings.warn(
 * Tip: There are .env files present. Install python-dotenv to use them.

🚀  JAOfilm DMCA Dashboard
    http://localhost:5002

 * Serving Flask app 'app'
 * Debug mode: off
Address already in use
Port 5002 is in use by another program. Either identify and stop that program, or start the server with a different port.
/Users/mac/Library/Python/3.9/lib/python/site-packages/urllib3/__init__.py:35: NotOpenSSLWarning: urllib3 v2 only supports OpenSSL 1.1.1+, currently the 'ssl' module is compiled with 'LibreSSL 2.8.3'. See: https://github.com/urllib3/urllib3/issues/3020
  warnings.warn(
 * Tip: There are .env files present. Install python-dotenv to use them.

🚀  JAOfilm DMCA Dashboard
    http://localhost:5002

 * Serving Flask app 'app'
 * Debug mode: off
Address already in use
Port 5002 is in use by another program. Either identify and stop that program, or start the server with a different port.
/Users/mac/Library/Python/3.9/lib/python/site-packages/urllib3/__init__.py:35: NotOpenSSLWarning: urllib3 v2 only supports OpenSSL 1.1.1+, currently the 'ssl' module is compiled with 'LibreSSL 2.8.3'. See: https://github.com/urllib3/urllib3/issues/3020
  warnings.warn(
 * Tip: There are .env files present. Install python-dotenv to use them.

🚀  JAOfilm DMCA Dashboard
    http://localhost:5002

 * Serving Flask app 'app'
 * Debug mode: off
Address already in use
Port 5002 is in use by another program. Either identify and stop that program, or start the server with a different port.
/Users/mac/Library/Python/3.9/lib/python/site-packages/urllib3/__init__.py:35: NotOpenSSLWarning: urllib3 v2 only supports OpenSSL 1.1.1+, currently the 'ssl' module is compiled with 'LibreSSL 2.8.3'. See: https://github.com/urllib3/urllib3/issues/3020
  warnings.warn(
 * Tip: There are .env files present. Install python-dotenv to use them.

🚀  JAOfilm DMCA Dashboard
    http://localhost:5002

 * Serving Flask app 'app'
 * Debug mode: off
Address already in use
Port 5002 is in use by another program. Either identify and stop that program, or start the server with a different port.
